CRITICAL - 2024-01-21 12:38:46 --> Call to undefined function CodeIgniter\locale_set_default()
in SYSTEMPATH\CodeIgniter.php on line 193.
 1 ROOTPATH\spark(71): CodeIgniter\CodeIgniter->initialize()
CRITICAL - 2024-01-21 20:21:36 --> Trying to access array offset on value of type null
in APPPATH\Views\pages\vacancies\edit.php on line 32.
 1 APPPATH\Views\pages\vacancies\edit.php(32): CodeIgniter\Debug\Exceptions->errorHandler(2, 'Trying to access array offset on value of type null', 'APPPATH\\Views\\pages\\vacancies\\edit.php', 32)
 2 SYSTEMPATH\View\View.php(213): include('APPPATH\\Views\\pages\\vacancies\\edit.php')
 3 SYSTEMPATH\View\View.php(216): CodeIgniter\View\View->CodeIgniter\View\{closure}()
 4 SYSTEMPATH\Common.php(1135): CodeIgniter\View\View->render('pages/vacancies/edit', [], true)
 5 APPPATH\Controllers\Main.php(279): view('pages/vacancies/edit', [...])
 6 SYSTEMPATH\CodeIgniter.php(896): App\Controllers\Main->vacancy_edit('FCPATH\\assets', 'logo.png')
 7 SYSTEMPATH\CodeIgniter.php(466): CodeIgniter\CodeIgniter->runController(Object(App\Controllers\Main))
 8 SYSTEMPATH\CodeIgniter.php(349): CodeIgniter\CodeIgniter->handleRequest(null, Object(Config\Cache), false)
 9 FCPATH\index.php(55): CodeIgniter\CodeIgniter->run()
CRITICAL - 2024-01-21 20:21:37 --> Trying to access array offset on value of type null
in APPPATH\Views\pages\vacancies\edit.php on line 32.
 1 APPPATH\Views\pages\vacancies\edit.php(32): CodeIgniter\Debug\Exceptions->errorHandler(2, 'Trying to access array offset on value of type null', 'APPPATH\\Views\\pages\\vacancies\\edit.php', 32)
 2 SYSTEMPATH\View\View.php(213): include('APPPATH\\Views\\pages\\vacancies\\edit.php')
 3 SYSTEMPATH\View\View.php(216): CodeIgniter\View\View->CodeIgniter\View\{closure}()
 4 SYSTEMPATH\Common.php(1135): CodeIgniter\View\View->render('pages/vacancies/edit', [], true)
 5 APPPATH\Controllers\Main.php(279): view('pages/vacancies/edit', [...])
 6 SYSTEMPATH\CodeIgniter.php(896): App\Controllers\Main->vacancy_edit('FCPATH\\assets', 'logo.png')
 7 SYSTEMPATH\CodeIgniter.php(466): CodeIgniter\CodeIgniter->runController(Object(App\Controllers\Main))
 8 SYSTEMPATH\CodeIgniter.php(349): CodeIgniter\CodeIgniter->handleRequest(null, Object(Config\Cache), false)
 9 FCPATH\index.php(55): CodeIgniter\CodeIgniter->run()
CRITICAL - 2024-01-21 20:22:38 --> Trying to access array offset on value of type null
in APPPATH\Views\pages\vacancies\edit.php on line 32.
 1 APPPATH\Views\pages\vacancies\edit.php(32): CodeIgniter\Debug\Exceptions->errorHandler(2, 'Trying to access array offset on value of type null', 'APPPATH\\Views\\pages\\vacancies\\edit.php', 32)
 2 SYSTEMPATH\View\View.php(213): include('APPPATH\\Views\\pages\\vacancies\\edit.php')
 3 SYSTEMPATH\View\View.php(216): CodeIgniter\View\View->CodeIgniter\View\{closure}()
 4 SYSTEMPATH\Common.php(1135): CodeIgniter\View\View->render('pages/vacancies/edit', [], true)
 5 APPPATH\Controllers\Main.php(279): view('pages/vacancies/edit', [...])
 6 SYSTEMPATH\CodeIgniter.php(896): App\Controllers\Main->vacancy_edit('FCPATH\\assets', 'logo.png')
 7 SYSTEMPATH\CodeIgniter.php(466): CodeIgniter\CodeIgniter->runController(Object(App\Controllers\Main))
 8 SYSTEMPATH\CodeIgniter.php(349): CodeIgniter\CodeIgniter->handleRequest(null, Object(Config\Cache), false)
 9 FCPATH\index.php(55): CodeIgniter\CodeIgniter->run()
CRITICAL - 2024-01-21 20:22:38 --> Trying to access array offset on value of type null
in APPPATH\Views\pages\vacancies\edit.php on line 32.
 1 APPPATH\Views\pages\vacancies\edit.php(32): CodeIgniter\Debug\Exceptions->errorHandler(2, 'Trying to access array offset on value of type null', 'APPPATH\\Views\\pages\\vacancies\\edit.php', 32)
 2 SYSTEMPATH\View\View.php(213): include('APPPATH\\Views\\pages\\vacancies\\edit.php')
 3 SYSTEMPATH\View\View.php(216): CodeIgniter\View\View->CodeIgniter\View\{closure}()
 4 SYSTEMPATH\Common.php(1135): CodeIgniter\View\View->render('pages/vacancies/edit', [], true)
 5 APPPATH\Controllers\Main.php(279): view('pages/vacancies/edit', [...])
 6 SYSTEMPATH\CodeIgniter.php(896): App\Controllers\Main->vacancy_edit('FCPATH\\assets', 'logo.png')
 7 SYSTEMPATH\CodeIgniter.php(466): CodeIgniter\CodeIgniter->runController(Object(App\Controllers\Main))
 8 SYSTEMPATH\CodeIgniter.php(349): CodeIgniter\CodeIgniter->handleRequest(null, Object(Config\Cache), false)
 9 FCPATH\index.php(55): CodeIgniter\CodeIgniter->run()
CRITICAL - 2024-01-21 23:35:04 --> Undefined variable $session
in APPPATH\Views\layouts\vacancy_base.php on line 92.
 1 APPPATH\Views\layouts\vacancy_base.php(92): CodeIgniter\Debug\Exceptions->errorHandler(2, 'Undefined variable $session', 'APPPATH\\Views\\layouts\\vacancy_base.php', 92)
 2 SYSTEMPATH\View\View.php(213): include('APPPATH\\Views\\layouts\\vacancy_base.php')
 3 SYSTEMPATH\View\View.php(216): CodeIgniter\View\View->CodeIgniter\View\{closure}()
 4 SYSTEMPATH\View\View.php(229): CodeIgniter\View\View->render('layouts/vacancy_base', [], true)
 5 SYSTEMPATH\Common.php(1135): CodeIgniter\View\View->render('welcome_message', [], true)
 6 APPPATH\Controllers\Home.php(9): view('welcome_message')
 7 SYSTEMPATH\CodeIgniter.php(896): App\Controllers\Home->index()
 8 SYSTEMPATH\CodeIgniter.php(466): CodeIgniter\CodeIgniter->runController(Object(App\Controllers\Home))
 9 SYSTEMPATH\CodeIgniter.php(349): CodeIgniter\CodeIgniter->handleRequest(null, Object(Config\Cache), false)
10 FCPATH\index.php(55): CodeIgniter\CodeIgniter->run()
CRITICAL - 2024-01-21 23:42:20 --> Undefined variable $session
in APPPATH\Views\layouts\vacancy_base.php on line 98.
 1 APPPATH\Views\layouts\vacancy_base.php(98): CodeIgniter\Debug\Exceptions->errorHandler(2, 'Undefined variable $session', 'APPPATH\\Views\\layouts\\vacancy_base.php', 98)
 2 SYSTEMPATH\View\View.php(213): include('APPPATH\\Views\\layouts\\vacancy_base.php')
 3 SYSTEMPATH\View\View.php(216): CodeIgniter\View\View->CodeIgniter\View\{closure}()
 4 SYSTEMPATH\View\View.php(229): CodeIgniter\View\View->render('layouts/vacancy_base', [], true)
 5 SYSTEMPATH\Common.php(1135): CodeIgniter\View\View->render('welcome_message', [], true)
 6 APPPATH\Controllers\Home.php(9): view('welcome_message')
 7 SYSTEMPATH\CodeIgniter.php(896): App\Controllers\Home->index()
 8 SYSTEMPATH\CodeIgniter.php(466): CodeIgniter\CodeIgniter->runController(Object(App\Controllers\Home))
 9 SYSTEMPATH\CodeIgniter.php(349): CodeIgniter\CodeIgniter->handleRequest(null, Object(Config\Cache), false)
10 FCPATH\index.php(55): CodeIgniter\CodeIgniter->run()
CRITICAL - 2024-01-21 23:43:05 --> Invalid file: about.php
in SYSTEMPATH\Exceptions\FrameworkException.php on line 33.
 1 SYSTEMPATH\View\View.php(201): CodeIgniter\Exceptions\FrameworkException::forInvalidFile('about.php')
 2 SYSTEMPATH\Common.php(1135): CodeIgniter\View\View->render('about', [], true)
 3 APPPATH\Controllers\Page.php(9): view('about')
 4 SYSTEMPATH\CodeIgniter.php(896): App\Controllers\Page->about()
 5 SYSTEMPATH\CodeIgniter.php(466): CodeIgniter\CodeIgniter->runController(Object(App\Controllers\Page))
 6 SYSTEMPATH\CodeIgniter.php(349): CodeIgniter\CodeIgniter->handleRequest(null, Object(Config\Cache), false)
 7 FCPATH\index.php(55): CodeIgniter\CodeIgniter->run()
CRITICAL - 2024-01-21 23:44:23 --> Undefined variable $session
in APPPATH\Views\layouts\vacancy_base.php on line 98.
 1 APPPATH\Views\layouts\vacancy_base.php(98): CodeIgniter\Debug\Exceptions->errorHandler(2, 'Undefined variable $session', 'APPPATH\\Views\\layouts\\vacancy_base.php', 98)
 2 SYSTEMPATH\View\View.php(213): include('APPPATH\\Views\\layouts\\vacancy_base.php')
 3 SYSTEMPATH\View\View.php(216): CodeIgniter\View\View->CodeIgniter\View\{closure}()
 4 SYSTEMPATH\View\View.php(229): CodeIgniter\View\View->render('layouts/vacancy_base', [], true)
 5 SYSTEMPATH\Common.php(1135): CodeIgniter\View\View->render('pages/public/about', [], true)
 6 APPPATH\Controllers\Page.php(9): view('pages/public/about')
 7 SYSTEMPATH\CodeIgniter.php(896): App\Controllers\Page->about()
 8 SYSTEMPATH\CodeIgniter.php(466): CodeIgniter\CodeIgniter->runController(Object(App\Controllers\Page))
 9 SYSTEMPATH\CodeIgniter.php(349): CodeIgniter\CodeIgniter->handleRequest(null, Object(Config\Cache), false)
10 FCPATH\index.php(55): CodeIgniter\CodeIgniter->run()
CRITICAL - 2024-01-21 23:50:07 --> Invalid file: pages/public/about.php
in SYSTEMPATH\Exceptions\FrameworkException.php on line 33.
 1 SYSTEMPATH\View\View.php(201): CodeIgniter\Exceptions\FrameworkException::forInvalidFile('pages/public/about.php')
 2 SYSTEMPATH\Common.php(1135): CodeIgniter\View\View->render('pages/public/about', [], true)
 3 APPPATH\Controllers\Page.php(9): view('pages/public/about')
 4 SYSTEMPATH\CodeIgniter.php(896): App\Controllers\Page->about()
 5 SYSTEMPATH\CodeIgniter.php(466): CodeIgniter\CodeIgniter->runController(Object(App\Controllers\Page))
 6 SYSTEMPATH\CodeIgniter.php(349): CodeIgniter\CodeIgniter->handleRequest(null, Object(Config\Cache), false)
 7 FCPATH\index.php(55): CodeIgniter\CodeIgniter->run()
CRITICAL - 2024-01-21 23:50:37 --> Undefined variable $session
in APPPATH\Views\layouts\vacancy_base.php on line 98.
 1 APPPATH\Views\layouts\vacancy_base.php(98): CodeIgniter\Debug\Exceptions->errorHandler(2, 'Undefined variable $session', 'APPPATH\\Views\\layouts\\vacancy_base.php', 98)
 2 SYSTEMPATH\View\View.php(213): include('APPPATH\\Views\\layouts\\vacancy_base.php')
 3 SYSTEMPATH\View\View.php(216): CodeIgniter\View\View->CodeIgniter\View\{closure}()
 4 SYSTEMPATH\View\View.php(229): CodeIgniter\View\View->render('layouts/vacancy_base', [], true)
 5 SYSTEMPATH\Common.php(1135): CodeIgniter\View\View->render('about', [], true)
 6 APPPATH\Controllers\Page.php(9): view('about')
 7 SYSTEMPATH\CodeIgniter.php(896): App\Controllers\Page->about()
 8 SYSTEMPATH\CodeIgniter.php(466): CodeIgniter\CodeIgniter->runController(Object(App\Controllers\Page))
 9 SYSTEMPATH\CodeIgniter.php(349): CodeIgniter\CodeIgniter->handleRequest(null, Object(Config\Cache), false)
10 FCPATH\index.php(55): CodeIgniter\CodeIgniter->run()
CRITICAL - 2024-01-21 23:50:48 --> Undefined variable $session
in APPPATH\Views\layouts\vacancy_base.php on line 98.
 1 APPPATH\Views\layouts\vacancy_base.php(98): CodeIgniter\Debug\Exceptions->errorHandler(2, 'Undefined variable $session', 'APPPATH\\Views\\layouts\\vacancy_base.php', 98)
 2 SYSTEMPATH\View\View.php(213): include('APPPATH\\Views\\layouts\\vacancy_base.php')
 3 SYSTEMPATH\View\View.php(216): CodeIgniter\View\View->CodeIgniter\View\{closure}()
 4 SYSTEMPATH\View\View.php(229): CodeIgniter\View\View->render('layouts/vacancy_base', [], true)
 5 SYSTEMPATH\Common.php(1135): CodeIgniter\View\View->render('welcome_message', [], true)
 6 APPPATH\Controllers\Home.php(9): view('welcome_message')
 7 SYSTEMPATH\CodeIgniter.php(896): App\Controllers\Home->index()
 8 SYSTEMPATH\CodeIgniter.php(466): CodeIgniter\CodeIgniter->runController(Object(App\Controllers\Home))
 9 SYSTEMPATH\CodeIgniter.php(349): CodeIgniter\CodeIgniter->handleRequest(null, Object(Config\Cache), false)
10 FCPATH\index.php(55): CodeIgniter\CodeIgniter->run()
CRITICAL - 2024-01-21 23:54:20 --> Undefined variable $session
in APPPATH\Views\layouts\vacancy_base.php on line 98.
 1 APPPATH\Views\layouts\vacancy_base.php(98): CodeIgniter\Debug\Exceptions->errorHandler(2, 'Undefined variable $session', 'APPPATH\\Views\\layouts\\vacancy_base.php', 98)
 2 SYSTEMPATH\View\View.php(213): include('APPPATH\\Views\\layouts\\vacancy_base.php')
 3 SYSTEMPATH\View\View.php(216): CodeIgniter\View\View->CodeIgniter\View\{closure}()
 4 SYSTEMPATH\View\View.php(229): CodeIgniter\View\View->render('layouts/vacancy_base', [], true)
 5 SYSTEMPATH\Common.php(1135): CodeIgniter\View\View->render('about', [], true)
 6 APPPATH\Controllers\Page.php(9): view('about')
 7 SYSTEMPATH\CodeIgniter.php(896): App\Controllers\Page->about()
 8 SYSTEMPATH\CodeIgniter.php(466): CodeIgniter\CodeIgniter->runController(Object(App\Controllers\Page))
 9 SYSTEMPATH\CodeIgniter.php(349): CodeIgniter\CodeIgniter->handleRequest(null, Object(Config\Cache), false)
10 FCPATH\index.php(55): CodeIgniter\CodeIgniter->run()
CRITICAL - 2024-01-21 23:54:28 --> Undefined variable $session
in APPPATH\Views\layouts\vacancy_base.php on line 98.
 1 APPPATH\Views\layouts\vacancy_base.php(98): CodeIgniter\Debug\Exceptions->errorHandler(2, 'Undefined variable $session', 'APPPATH\\Views\\layouts\\vacancy_base.php', 98)
 2 SYSTEMPATH\View\View.php(213): include('APPPATH\\Views\\layouts\\vacancy_base.php')
 3 SYSTEMPATH\View\View.php(216): CodeIgniter\View\View->CodeIgniter\View\{closure}()
 4 SYSTEMPATH\View\View.php(229): CodeIgniter\View\View->render('layouts/vacancy_base', [], true)
 5 SYSTEMPATH\Common.php(1135): CodeIgniter\View\View->render('about', [], true)
 6 APPPATH\Controllers\Page.php(9): view('about')
 7 SYSTEMPATH\CodeIgniter.php(896): App\Controllers\Page->about()
 8 SYSTEMPATH\CodeIgniter.php(466): CodeIgniter\CodeIgniter->runController(Object(App\Controllers\Page))
 9 SYSTEMPATH\CodeIgniter.php(349): CodeIgniter\CodeIgniter->handleRequest(null, Object(Config\Cache), false)
10 FCPATH\index.php(55): CodeIgniter\CodeIgniter->run()
CRITICAL - 2024-01-21 23:57:07 --> Undefined variable $session
in APPPATH\Views\layouts\vacancy_base.php on line 98.
 1 APPPATH\Views\layouts\vacancy_base.php(98): CodeIgniter\Debug\Exceptions->errorHandler(2, 'Undefined variable $session', 'APPPATH\\Views\\layouts\\vacancy_base.php', 98)
 2 SYSTEMPATH\View\View.php(213): include('APPPATH\\Views\\layouts\\vacancy_base.php')
 3 SYSTEMPATH\View\View.php(216): CodeIgniter\View\View->CodeIgniter\View\{closure}()
 4 SYSTEMPATH\View\View.php(229): CodeIgniter\View\View->render('layouts/vacancy_base', [], true)
 5 SYSTEMPATH\Common.php(1135): CodeIgniter\View\View->render('about', [], true)
 6 APPPATH\Controllers\Page.php(9): view('about')
 7 SYSTEMPATH\CodeIgniter.php(896): App\Controllers\Page->about()
 8 SYSTEMPATH\CodeIgniter.php(466): CodeIgniter\CodeIgniter->runController(Object(App\Controllers\Page))
 9 SYSTEMPATH\CodeIgniter.php(349): CodeIgniter\CodeIgniter->handleRequest(null, Object(Config\Cache), false)
10 FCPATH\index.php(55): CodeIgniter\CodeIgniter->run()
